mode: set
github.com/calvarado2004/go-testing/cmd/web/forms.go:9.42,13.26 2 1
github.com/calvarado2004/go-testing/cmd/web/forms.go:13.26,15.3 1 1
github.com/calvarado2004/go-testing/cmd/web/forms.go:17.2,17.22 1 1
github.com/calvarado2004/go-testing/cmd/web/forms.go:22.44,24.2 1 1
github.com/calvarado2004/go-testing/cmd/web/forms.go:33.37,38.2 1 1
github.com/calvarado2004/go-testing/cmd/web/forms.go:41.39,43.13 2 1
github.com/calvarado2004/go-testing/cmd/web/forms.go:43.13,45.3 1 1
github.com/calvarado2004/go-testing/cmd/web/forms.go:46.2,46.13 1 1
github.com/calvarado2004/go-testing/cmd/web/forms.go:50.43,51.31 1 1
github.com/calvarado2004/go-testing/cmd/web/forms.go:51.31,53.18 2 1
github.com/calvarado2004/go-testing/cmd/web/forms.go:53.18,55.4 1 1
github.com/calvarado2004/go-testing/cmd/web/forms.go:60.52,62.35 2 0
github.com/calvarado2004/go-testing/cmd/web/forms.go:62.35,65.3 2 0
github.com/calvarado2004/go-testing/cmd/web/forms.go:67.2,67.13 1 0
github.com/calvarado2004/go-testing/cmd/web/forms.go:71.52,72.9 1 1
github.com/calvarado2004/go-testing/cmd/web/forms.go:72.9,74.3 1 1
github.com/calvarado2004/go-testing/cmd/web/forms.go:78.29,80.2 1 1
github.com/calvarado2004/go-testing/cmd/web/forms.go:83.38,85.17 2 0
github.com/calvarado2004/go-testing/cmd/web/forms.go:85.17,86.41 1 0
github.com/calvarado2004/go-testing/cmd/web/forms.go:86.41,89.4 2 0
github.com/calvarado2004/go-testing/cmd/web/forms.go:90.3,90.52 1 0
github.com/calvarado2004/go-testing/cmd/web/forms.go:90.52,93.4 2 0
github.com/calvarado2004/go-testing/cmd/web/forms.go:94.3,94.35 1 0
github.com/calvarado2004/go-testing/cmd/web/forms.go:94.35,95.20 1 0
github.com/calvarado2004/go-testing/cmd/web/forms.go:96.13,96.13 0 0
github.com/calvarado2004/go-testing/cmd/web/forms.go:98.13,100.36 1 0
github.com/calvarado2004/go-testing/cmd/web/forms.go:100.36,103.6 2 0
github.com/calvarado2004/go-testing/cmd/web/forms.go:104.12,105.41 1 0
github.com/calvarado2004/go-testing/cmd/web/forms.go:105.41,108.6 2 0
github.com/calvarado2004/go-testing/cmd/web/handlers.go:14.70,17.16 2 1
github.com/calvarado2004/go-testing/cmd/web/handlers.go:17.16,19.3 1 0
github.com/calvarado2004/go-testing/cmd/web/handlers.go:29.108,33.16 2 1
github.com/calvarado2004/go-testing/cmd/web/handlers.go:33.16,36.3 2 0
github.com/calvarado2004/go-testing/cmd/web/handlers.go:38.2,42.16 3 1
github.com/calvarado2004/go-testing/cmd/web/handlers.go:42.16,45.3 2 0
github.com/calvarado2004/go-testing/cmd/web/handlers.go:47.2,47.12 1 1
github.com/calvarado2004/go-testing/cmd/web/handlers.go:51.71,54.16 2 0
github.com/calvarado2004/go-testing/cmd/web/handlers.go:54.16,58.3 3 0
github.com/calvarado2004/go-testing/cmd/web/handlers.go:61.2,64.19 3 0
github.com/calvarado2004/go-testing/cmd/web/handlers.go:64.19,68.3 3 0
github.com/calvarado2004/go-testing/cmd/web/handlers.go:70.2,79.36 6 0
github.com/calvarado2004/go-testing/cmd/web/main.go:10.13,23.16 5 0
github.com/calvarado2004/go-testing/cmd/web/main.go:23.16,25.3 1 0
github.com/calvarado2004/go-testing/cmd/web/middleware.go:14.67,17.2 1 1
github.com/calvarado2004/go-testing/cmd/web/middleware.go:19.72,21.71 1 1
github.com/calvarado2004/go-testing/cmd/web/middleware.go:21.71,25.17 3 1
github.com/calvarado2004/go-testing/cmd/web/middleware.go:25.17,27.20 2 1
github.com/calvarado2004/go-testing/cmd/web/middleware.go:27.20,29.5 1 1
github.com/calvarado2004/go-testing/cmd/web/middleware.go:31.4,31.60 1 1
github.com/calvarado2004/go-testing/cmd/web/middleware.go:33.9,35.4 1 1
github.com/calvarado2004/go-testing/cmd/web/middleware.go:36.3,36.40 1 1
github.com/calvarado2004/go-testing/cmd/web/middleware.go:40.45,44.16 2 1
github.com/calvarado2004/go-testing/cmd/web/middleware.go:44.16,46.3 1 1
github.com/calvarado2004/go-testing/cmd/web/middleware.go:48.2,49.19 2 1
github.com/calvarado2004/go-testing/cmd/web/middleware.go:49.19,51.3 1 1
github.com/calvarado2004/go-testing/cmd/web/middleware.go:53.2,54.22 2 1
github.com/calvarado2004/go-testing/cmd/web/middleware.go:54.22,57.3 1 1
github.com/calvarado2004/go-testing/cmd/web/middleware.go:59.2,59.18 1 1
github.com/calvarado2004/go-testing/cmd/web/middleware.go:59.18,63.3 1 0
github.com/calvarado2004/go-testing/cmd/web/middleware.go:65.2,65.16 1 1
github.com/calvarado2004/go-testing/cmd/web/routes.go:9.47,29.2 8 1
