mode: set
github.com/calvarado2004/go-testing/main.go:6.13,15.2 4 0
github.com/calvarado2004/go-testing/main.go:18.36,21.22 1 1
github.com/calvarado2004/go-testing/main.go:21.22,23.3 1 1
github.com/calvarado2004/go-testing/main.go:25.2,25.11 1 1
github.com/calvarado2004/go-testing/main.go:25.11,27.3 1 1
github.com/calvarado2004/go-testing/main.go:30.2,30.28 1 1
github.com/calvarado2004/go-testing/main.go:30.28,31.15 1 1
github.com/calvarado2004/go-testing/main.go:31.15,33.4 1 1
github.com/calvarado2004/go-testing/main.go:36.2,36.53 1 1
