mode: set
github.com/calvarado2004/go-testing/main.go:13.13,33.2 6 0
github.com/calvarado2004/go-testing/main.go:36.54,40.6 2 1
github.com/calvarado2004/go-testing/main.go:40.6,43.11 2 1
github.com/calvarado2004/go-testing/main.go:43.11,46.4 2 1
github.com/calvarado2004/go-testing/main.go:48.3,49.11 2 1
github.com/calvarado2004/go-testing/main.go:54.58,60.44 2 1
github.com/calvarado2004/go-testing/main.go:60.44,62.3 1 1
github.com/calvarado2004/go-testing/main.go:65.2,67.16 2 1
github.com/calvarado2004/go-testing/main.go:67.16,69.3 1 1
github.com/calvarado2004/go-testing/main.go:72.2,74.19 2 1
github.com/calvarado2004/go-testing/main.go:78.14,83.2 4 1
github.com/calvarado2004/go-testing/main.go:86.15,88.2 1 1
github.com/calvarado2004/go-testing/main.go:91.36,94.22 1 1
github.com/calvarado2004/go-testing/main.go:94.22,96.3 1 1
github.com/calvarado2004/go-testing/main.go:98.2,98.11 1 1
github.com/calvarado2004/go-testing/main.go:98.11,100.3 1 1
github.com/calvarado2004/go-testing/main.go:103.2,103.28 1 1
github.com/calvarado2004/go-testing/main.go:103.28,104.15 1 1
github.com/calvarado2004/go-testing/main.go:104.15,106.4 1 1
github.com/calvarado2004/go-testing/main.go:109.2,109.53 1 1
